<?xml version="1.0" encoding="UTF-8"?>
<!-- Generated by org.testng.reporters.JUnitReportReporter -->
<testsuite hostname="DESKTOP-3RGVH0F" failures="0" tests="1" name="com.orangehrmlive.demo.testsuite.LoginTest" time="4.912" errors="0" timestamp="2023-12-12T22:51:26 GMT" skipped="0">
  <testcase classname="com.orangehrmlive.demo.testsuite.LoginTest" name="verifyUserShouldLoginSuccessfully" time="4.912"/>
</testsuite> <!-- com.orangehrmlive.demo.testsuite.LoginTest -->
